2021-08-26 12:58:52,991 - Lux - INFO - Loading model...
2021-08-26 12:59:14,374 - Lux - INFO - Model Loaded
2021-08-26 12:59:14,374 - Lux - INFO - Start Analyzing
2021-08-26 13:00:14,378 - Lux - INFO - Analyzing /home/lux/Documents/nano-inference/images/image.tif
2021-08-26 13:00:57,986 - Lux - INFO - Predictions saved
2021-08-26 13:01:57,998 - Lux - INFO - Analyzing /home/lux/Documents/nano-inference/images/image.tif
2021-08-26 13:02:32,102 - Lux - INFO - Predictions saved
2021-08-26 13:03:32,112 - Lux - INFO - Analyzing /home/lux/Documents/nano-inference/images/image.tif
2021-08-26 13:04:03,596 - Lux - INFO - Predictions saved
2021-08-26 13:05:03,599 - Lux - INFO - Analyzing /home/lux/Documents/nano-inference/images/image.tif
2021-08-26 13:05:34,358 - Lux - INFO - Predictions saved
2021-08-26 13:06:34,361 - Lux - INFO - Analyzing /home/lux/Documents/nano-inference/images/image.tif
2021-08-26 13:07:05,414 - Lux - INFO - Predictions saved
2021-08-26 13:08:05,417 - Lux - INFO - Analyzing /home/lux/Documents/nano-inference/images/image.tif
2021-08-26 13:08:36,355 - Lux - INFO - Predictions saved
2021-08-26 13:09:36,363 - Lux - INFO - Analyzing /home/lux/Documents/nano-inference/images/image.tif
2021-08-26 13:10:06,955 - Lux - INFO - Predictions saved
2021-08-26 13:11:06,958 - Lux - INFO - Analyzing /home/lux/Documents/nano-inference/images/image.tif
2021-08-26 13:11:37,354 - Lux - INFO - Predictions saved
2021-08-26 13:12:37,357 - Lux - INFO - Analyzing /home/lux/Documents/nano-inference/images/image.tif
2021-08-26 13:13:07,685 - Lux - INFO - Predictions saved
2021-08-26 13:14:07,688 - Lux - INFO - Analyzing /home/lux/Documents/nano-inference/images/image.tif
2021-08-26 13:14:37,641 - Lux - INFO - Predictions saved
2021-08-26 13:15:37,644 - Lux - INFO - Analyzing /home/lux/Documents/nano-inference/images/image.tif
2021-08-26 13:16:07,991 - Lux - INFO - Predictions saved
2021-08-26 13:17:07,994 - Lux - INFO - Analyzing /home/lux/Documents/nano-inference/images/image.tif
2021-08-26 13:17:38,729 - Lux - INFO - Predictions saved
2021-08-26 13:18:38,733 - Lux - INFO - Analyzing /home/lux/Documents/nano-inference/images/image.tif
2021-08-26 13:19:08,824 - Lux - INFO - Predictions saved
2021-08-26 13:20:08,828 - Lux - INFO - Analyzing /home/lux/Documents/nano-inference/images/image.tif
2021-08-26 13:20:39,162 - Lux - INFO - Predictions saved
2021-08-26 13:21:39,164 - Lux - INFO - Analyzing /home/lux/Documents/nano-inference/images/image.tif
2021-08-26 13:22:09,486 - Lux - INFO - Predictions saved
2021-08-26 13:23:09,490 - Lux - INFO - Analyzing /home/lux/Documents/nano-inference/images/image.tif
2021-08-26 13:23:40,219 - Lux - INFO - Predictions saved
2021-08-26 13:24:40,222 - Lux - INFO - Analyzing /home/lux/Documents/nano-inference/images/image.tif
2021-08-26 13:25:10,257 - Lux - INFO - Predictions saved
2021-08-26 13:26:10,260 - Lux - INFO - Analyzing /home/lux/Documents/nano-inference/images/image.tif
2021-08-26 13:26:41,064 - Lux - INFO - Predictions saved
2021-08-26 13:27:41,067 - Lux - INFO - Analyzing /home/lux/Documents/nano-inference/images/image.tif
2021-08-26 13:28:11,207 - Lux - INFO - Predictions saved
2021-08-26 13:29:11,211 - Lux - INFO - Analyzing /home/lux/Documents/nano-inference/images/image.tif
2021-08-26 13:29:40,900 - Lux - INFO - Predictions saved
2021-08-26 13:30:40,904 - Lux - INFO - Analyzing /home/lux/Documents/nano-inference/images/image.tif
2021-08-26 13:31:11,474 - Lux - INFO - Predictions saved
2021-08-26 13:32:11,477 - Lux - INFO - Analyzing /home/lux/Documents/nano-inference/images/image.tif
2021-08-26 13:32:41,658 - Lux - INFO - Predictions saved
2021-08-26 13:33:41,661 - Lux - INFO - Analyzing /home/lux/Documents/nano-inference/images/image.tif
2021-08-26 13:34:12,140 - Lux - INFO - Predictions saved
2021-08-26 13:35:12,143 - Lux - INFO - Analyzing /home/lux/Documents/nano-inference/images/image.tif
2021-08-26 13:35:41,981 - Lux - INFO - Predictions saved
2021-08-26 13:36:41,984 - Lux - INFO - Analyzing /home/lux/Documents/nano-inference/images/image.tif
2021-08-26 13:37:11,515 - Lux - INFO - Predictions saved
2021-08-26 13:38:11,518 - Lux - INFO - Analyzing /home/lux/Documents/nano-inference/images/image.tif
2021-08-26 13:38:40,990 - Lux - INFO - Predictions saved
2021-08-26 13:39:40,994 - Lux - INFO - Analyzing /home/lux/Documents/nano-inference/images/image.tif
2021-08-26 13:40:10,905 - Lux - INFO - Predictions saved
2021-08-26 13:41:10,907 - Lux - INFO - Analyzing /home/lux/Documents/nano-inference/images/image.tif
2021-08-26 13:41:40,616 - Lux - INFO - Predictions saved
2021-08-26 13:42:40,619 - Lux - INFO - Analyzing /home/lux/Documents/nano-inference/images/image.tif
2021-08-26 13:43:10,306 - Lux - INFO - Predictions saved
2021-08-26 13:44:10,309 - Lux - INFO - Analyzing /home/lux/Documents/nano-inference/images/image.tif
2021-08-26 13:44:40,195 - Lux - INFO - Predictions saved
2021-08-26 13:45:40,199 - Lux - INFO - Analyzing /home/lux/Documents/nano-inference/images/image.tif
2021-08-26 13:46:10,179 - Lux - INFO - Predictions saved
2021-08-26 13:47:10,182 - Lux - INFO - Analyzing /home/lux/Documents/nano-inference/images/image.tif
2021-08-26 13:47:39,924 - Lux - INFO - Predictions saved
2021-08-26 13:48:39,927 - Lux - INFO - Analyzing /home/lux/Documents/nano-inference/images/image.tif
2021-08-26 13:49:09,624 - Lux - INFO - Predictions saved
2021-08-26 13:50:09,627 - Lux - INFO - Analyzing /home/lux/Documents/nano-inference/images/image.tif
2021-08-26 13:50:39,924 - Lux - INFO - Predictions saved
2021-08-26 13:51:39,927 - Lux - INFO - Analyzing /home/lux/Documents/nano-inference/images/image.tif
2021-08-26 13:52:09,789 - Lux - INFO - Predictions saved
2021-08-26 13:53:09,792 - Lux - INFO - Analyzing /home/lux/Documents/nano-inference/images/image.tif
2021-08-26 13:53:39,874 - Lux - INFO - Predictions saved
2021-08-26 13:54:39,877 - Lux - INFO - Analyzing /home/lux/Documents/nano-inference/images/image.tif
2021-08-26 13:55:09,707 - Lux - INFO - Predictions saved
2021-08-26 13:56:09,710 - Lux - INFO - Analyzing /home/lux/Documents/nano-inference/images/image.tif
2021-08-26 13:56:39,574 - Lux - INFO - Predictions saved
2021-08-26 13:57:39,578 - Lux - INFO - Analyzing /home/lux/Documents/nano-inference/images/image.tif
2021-08-26 13:58:09,845 - Lux - INFO - Predictions saved
2021-08-26 13:59:09,849 - Lux - INFO - Analyzing /home/lux/Documents/nano-inference/images/image.tif
2021-08-26 13:59:39,548 - Lux - INFO - Predictions saved
2021-08-27 11:01:53,226 - Lux - INFO - Loading model...
2021-08-27 11:05:19,182 - Lux - INFO - Loading model...
2021-08-27 11:05:47,531 - Lux - INFO - Model Loaded
2021-08-27 11:05:47,613 - Lux - INFO - Start Analyzing
2021-08-30 11:24:09,095 - Lux - INFO - Loading model...
2021-08-30 11:25:00,736 - Lux - INFO - Model Loaded
2021-08-30 11:25:00,935 - Lux - INFO - Start Analyzing
2021-08-30 11:26:01,086 - Lux - INFO - Analyzing /home/lux/Documents/nano-inference/images/image.bmp
2021-08-30 11:43:21,948 - Lux - INFO - Loading model...
2021-08-30 11:43:42,938 - Lux - INFO - Model Loaded
2021-08-30 11:43:42,938 - Lux - INFO - Start Analyzing
2021-08-30 11:44:42,942 - Lux - INFO - Analyzing /home/lux/Documents/nano-inference/images/image.bmp
2021-08-30 11:45:26,761 - Lux - INFO - Predictions saved
2021-08-30 11:46:26,772 - Lux - INFO - Analyzing /home/lux/Documents/nano-inference/images/image.bmp
2021-08-30 11:46:57,465 - Lux - INFO - Predictions saved
